<?xml version="1.0" encoding="UTF-8"?>
<testsuite xmlns:xsi="http://www.w3.org/2001/XMLSchema-instance" xsi:noNamespaceSchemaLocation="https://maven.apache.org/surefire/maven-surefire-plugin/xsd/surefire-test-report-3.0.xsd" version="3.0" name="org.example.core.CoreApplicationTests" time="6.004" tests="1" errors="0" skipped="0" failures="0">
  <properties>
    <property name="java.specification.version" value="17"/>
    <property name="sun.cpu.isalist" value="amd64"/>
    <property name="sun.jnu.encoding" value="Cp1252"/>
    <property name="java.class.path" value="C:\core\core\target\test-classes;C:\core\core\target\classes;C:\Users\nima\.m2\amlakrep2\org\springframework\boot\spring-boot-starter-data-jpa\3.2.5\spring-boot-starter-data-jpa-3.2.5.jar;C:\Users\nima\.m2\amlakrep2\org\springframework\boot\spring-boot-starter-aop\3.2.5\spring-boot-starter-aop-3.2.5.jar;C:\Users\nima\.m2\amlakrep2\org\aspectj\aspectjweaver\1.9.22\aspectjweaver-1.9.22.jar;C:\Users\nima\.m2\amlakrep2\org\springframework\boot\spring-boot-starter-jdbc\3.2.5\spring-boot-starter-jdbc-3.2.5.jar;C:\Users\nima\.m2\amlakrep2\com\zaxxer\HikariCP\5.0.1\HikariCP-5.0.1.jar;C:\Users\nima\.m2\amlakrep2\org\springframework\spring-jdbc\6.1.6\spring-jdbc-6.1.6.jar;C:\Users\nima\.m2\amlakrep2\org\hibernate\orm\hibernate-core\6.4.4.Final\hibernate-core-6.4.4.Final.jar;C:\Users\nima\.m2\amlakrep2\jakarta\persistence\jakarta.persistence-api\3.1.0\jakarta.persistence-api-3.1.0.jar;C:\Users\nima\.m2\amlakrep2\jakarta\transaction\jakarta.transaction-api\2.0.1\jakarta.transaction-api-2.0.1.jar;C:\Users\nima\.m2\amlakrep2\org\jboss\logging\jboss-logging\3.5.3.Final\jboss-logging-3.5.3.Final.jar;C:\Users\nima\.m2\amlakrep2\org\hibernate\common\hibernate-commons-annotations\6.0.6.Final\hibernate-commons-annotations-6.0.6.Final.jar;C:\Users\nima\.m2\amlakrep2\io\smallrye\jandex\3.1.2\jandex-3.1.2.jar;C:\Users\nima\.m2\amlakrep2\com\fasterxml\classmate\1.6.0\classmate-1.6.0.jar;C:\Users\nima\.m2\amlakrep2\net\bytebuddy\byte-buddy\1.14.13\byte-buddy-1.14.13.jar;C:\Users\nima\.m2\amlakrep2\org\glassfish\jaxb\jaxb-runtime\4.0.5\jaxb-runtime-4.0.5.jar;C:\Users\nima\.m2\amlakrep2\org\glassfish\jaxb\jaxb-core\4.0.5\jaxb-core-4.0.5.jar;C:\Users\nima\.m2\amlakrep2\org\eclipse\angus\angus-activation\2.0.2\angus-activation-2.0.2.jar;C:\Users\nima\.m2\amlakrep2\org\glassfish\jaxb\txw2\4.0.5\txw2-4.0.5.jar;C:\Users\nima\.m2\amlakrep2\com\sun\istack\istack-commons-runtime\4.1.2\istack-commons-runtime-4.1.2.jar;C:\Users\nima\.m2\amlakrep2\jakarta\inject\jakarta.inject-api\2.0.1\jakarta.inject-api-2.0.1.jar;C:\Users\nima\.m2\amlakrep2\org\antlr\antlr4-runtime\4.13.0\antlr4-runtime-4.13.0.jar;C:\Users\nima\.m2\amlakrep2\org\springframework\data\spring-data-jpa\3.2.5\spring-data-jpa-3.2.5.jar;C:\Users\nima\.m2\amlakrep2\org\springframework\data\spring-data-commons\3.2.5\spring-data-commons-3.2.5.jar;C:\Users\nima\.m2\amlakrep2\org\springframework\spring-orm\6.1.6\spring-orm-6.1.6.jar;C:\Users\nima\.m2\amlakrep2\org\springframework\spring-context\6.1.6\spring-context-6.1.6.jar;C:\Users\nima\.m2\amlakrep2\org\springframework\spring-tx\6.1.6\spring-tx-6.1.6.jar;C:\Users\nima\.m2\amlakrep2\org\springframework\spring-beans\6.1.6\spring-beans-6.1.6.jar;C:\Users\nima\.m2\amlakrep2\jakarta\annotation\jakarta.annotation-api\2.1.1\jakarta.annotation-api-2.1.1.jar;C:\Users\nima\.m2\amlakrep2\org\slf4j\slf4j-api\2.0.13\slf4j-api-2.0.13.jar;C:\Users\nima\.m2\amlakrep2\org\springframework\spring-aspects\6.1.6\spring-aspects-6.1.6.jar;C:\Users\nima\.m2\amlakrep2\org\springframework\boot\spring-boot-starter-web\3.2.5\spring-boot-starter-web-3.2.5.jar;C:\Users\nima\.m2\amlakrep2\org\springframework\boot\spring-boot-starter\3.2.5\spring-boot-starter-3.2.5.jar;C:\Users\nima\.m2\amlakrep2\org\springframework\boot\spring-boot-starter-logging\3.2.5\spring-boot-starter-logging-3.2.5.jar;C:\Users\nima\.m2\amlakrep2\ch\qos\logback\logback-classic\1.4.14\logback-classic-1.4.14.jar;C:\Users\nima\.m2\amlakrep2\ch\qos\logback\logback-core\1.4.14\logback-core-1.4.14.jar;C:\Users\nima\.m2\amlakrep2\org\apache\logging\log4j\log4j-to-slf4j\2.21.1\log4j-to-slf4j-2.21.1.jar;C:\Users\nima\.m2\amlakrep2\org\apache\logging\log4j\log4j-api\2.21.1\log4j-api-2.21.1.jar;C:\Users\nima\.m2\amlakrep2\org\slf4j\jul-to-slf4j\2.0.13\jul-to-slf4j-2.0.13.jar;C:\Users\nima\.m2\amlakrep2\org\yaml\snakeyaml\2.2\snakeyaml-2.2.jar;C:\Users\nima\.m2\amlakrep2\org\springframework\boot\spring-boot-starter-json\3.2.5\spring-boot-starter-json-3.2.5.jar;C:\Users\nima\.m2\amlakrep2\com\fasterxml\jackson\datatype\jackson-datatype-jdk8\2.15.4\jackson-datatype-jdk8-2.15.4.jar;C:\Users\nima\.m2\amlakrep2\com\fasterxml\jackson\datatype\jackson-datatype-jsr310\2.15.4\jackson-datatype-jsr310-2.15.4.jar;C:\Users\nima\.m2\amlakrep2\com\fasterxml\jackson\module\jackson-module-parameter-names\2.15.4\jackson-module-parameter-names-2.15.4.jar;C:\Users\nima\.m2\amlakrep2\org\springframework\boot\spring-boot-starter-tomcat\3.2.5\spring-boot-starter-tomcat-3.2.5.jar;C:\Users\nima\.m2\amlakrep2\org\apache\tomcat\embed\tomcat-embed-core\10.1.20\tomcat-embed-core-10.1.20.jar;C:\Users\nima\.m2\amlakrep2\org\apache\tomcat\embed\tomcat-embed-el\10.1.20\tomcat-embed-el-10.1.20.jar;C:\Users\nima\.m2\amlakrep2\org\apache\tomcat\embed\tomcat-embed-websocket\10.1.20\tomcat-embed-websocket-10.1.20.jar;C:\Users\nima\.m2\amlakrep2\org\springframework\spring-web\6.1.6\spring-web-6.1.6.jar;C:\Users\nima\.m2\amlakrep2\io\micrometer\micrometer-observation\1.12.5\micrometer-observation-1.12.5.jar;C:\Users\nima\.m2\amlakrep2\io\micrometer\micrometer-commons\1.12.5\micrometer-commons-1.12.5.jar;C:\Users\nima\.m2\amlakrep2\org\springframework\spring-webmvc\6.1.6\spring-webmvc-6.1.6.jar;C:\Users\nima\.m2\amlakrep2\org\springframework\spring-expression\6.1.6\spring-expression-6.1.6.jar;C:\Users\nima\.m2\amlakrep2\org\springframework\boot\spring-boot-starter-security\3.2.5\spring-boot-starter-security-3.2.5.jar;C:\Users\nima\.m2\amlakrep2\org\springframework\spring-aop\6.1.6\spring-aop-6.1.6.jar;C:\Users\nima\.m2\amlakrep2\org\springframework\security\spring-security-config\6.2.4\spring-security-config-6.2.4.jar;C:\Users\nima\.m2\amlakrep2\org\springframework\security\spring-security-web\6.2.4\spring-security-web-6.2.4.jar;C:\Users\nima\.m2\amlakrep2\org\springframework\boot\spring-boot-starter-thymeleaf\3.2.5\spring-boot-starter-thymeleaf-3.2.5.jar;C:\Users\nima\.m2\amlakrep2\org\thymeleaf\thymeleaf-spring6\3.1.2.RELEASE\thymeleaf-spring6-3.1.2.RELEASE.jar;C:\Users\nima\.m2\amlakrep2\org\thymeleaf\thymeleaf\3.1.2.RELEASE\thymeleaf-3.1.2.RELEASE.jar;C:\Users\nima\.m2\amlakrep2\org\attoparser\attoparser\2.0.7.RELEASE\attoparser-2.0.7.RELEASE.jar;C:\Users\nima\.m2\amlakrep2\org\unbescape\unbescape\1.1.6.RELEASE\unbescape-1.1.6.RELEASE.jar;C:\Users\nima\.m2\amlakrep2\com\h2database\h2\2.2.224\h2-2.2.224.jar;C:\Users\nima\.m2\amlakrep2\io\jsonwebtoken\jjwt-api\0.11.5\jjwt-api-0.11.5.jar;C:\Users\nima\.m2\amlakrep2\io\jsonwebtoken\jjwt-impl\0.11.5\jjwt-impl-0.11.5.jar;C:\Users\nima\.m2\amlakrep2\io\jsonwebtoken\jjwt-jackson\0.11.5\jjwt-jackson-0.11.5.jar;C:\Users\nima\.m2\amlakrep2\com\fasterxml\jackson\core\jackson-databind\2.15.4\jackson-databind-2.15.4.jar;C:\Users\nima\.m2\amlakrep2\com\fasterxml\jackson\core\jackson-annotations\2.15.4\jackson-annotations-2.15.4.jar;C:\Users\nima\.m2\amlakrep2\com\fasterxml\jackson\core\jackson-core\2.15.4\jackson-core-2.15.4.jar;C:\Users\nima\.m2\amlakrep2\org\springframework\boot\spring-boot-starter-oauth2-client\3.2.5\spring-boot-starter-oauth2-client-3.2.5.jar;C:\Users\nima\.m2\amlakrep2\org\springframework\security\spring-security-core\6.2.4\spring-security-core-6.2.4.jar;C:\Users\nima\.m2\amlakrep2\org\springframework\security\spring-security-crypto\6.2.4\spring-security-crypto-6.2.4.jar;C:\Users\nima\.m2\amlakrep2\org\springframework\security\spring-security-oauth2-client\6.2.4\spring-security-oauth2-client-6.2.4.jar;C:\Users\nima\.m2\amlakrep2\org\springframework\security\spring-security-oauth2-core\6.2.4\spring-security-oauth2-core-6.2.4.jar;C:\Users\nima\.m2\amlakrep2\com\nimbusds\oauth2-oidc-sdk\9.43.3\oauth2-oidc-sdk-9.43.3.jar;C:\Users\nima\.m2\amlakrep2\com\github\stephenc\jcip\jcip-annotations\1.0-1\jcip-annotations-1.0-1.jar;C:\Users\nima\.m2\amlakrep2\com\nimbusds\content-type\2.2\content-type-2.2.jar;C:\Users\nima\.m2\amlakrep2\com\nimbusds\lang-tag\1.7\lang-tag-1.7.jar;C:\Users\nima\.m2\amlakrep2\org\springframework\security\spring-security-oauth2-jose\6.2.4\spring-security-oauth2-jose-6.2.4.jar;C:\Users\nima\.m2\amlakrep2\com\nimbusds\nimbus-jose-jwt\9.24.4\nimbus-jose-jwt-9.24.4.jar;C:\Users\nima\.m2\amlakrep2\org\springframework\boot\spring-boot-devtools\3.2.5\spring-boot-devtools-3.2.5.jar;C:\Users\nima\.m2\amlakrep2\org\springframework\boot\spring-boot\3.2.5\spring-boot-3.2.5.jar;C:\Users\nima\.m2\amlakrep2\org\springframework\boot\spring-boot-autoconfigure\3.2.5\spring-boot-autoconfigure-3.2.5.jar;C:\Users\nima\.m2\amlakrep2\org\springframework\boot\spring-boot-starter-test\3.2.5\spring-boot-starter-test-3.2.5.jar;C:\Users\nima\.m2\amlakrep2\org\springframework\boot\spring-boot-test\3.2.5\spring-boot-test-3.2.5.jar;C:\Users\nima\.m2\amlakrep2\org\springframework\boot\spring-boot-test-autoconfigure\3.2.5\spring-boot-test-autoconfigure-3.2.5.jar;C:\Users\nima\.m2\amlakrep2\com\jayway\jsonpath\json-path\2.9.0\json-path-2.9.0.jar;C:\Users\nima\.m2\amlakrep2\jakarta\xml\bind\jakarta.xml.bind-api\4.0.2\jakarta.xml.bind-api-4.0.2.jar;C:\Users\nima\.m2\amlakrep2\jakarta\activation\jakarta.activation-api\2.1.3\jakarta.activation-api-2.1.3.jar;C:\Users\nima\.m2\amlakrep2\net\minidev\json-smart\2.5.1\json-smart-2.5.1.jar;C:\Users\nima\.m2\amlakrep2\net\minidev\accessors-smart\2.5.1\accessors-smart-2.5.1.jar;C:\Users\nima\.m2\amlakrep2\org\ow2\asm\asm\9.6\asm-9.6.jar;C:\Users\nima\.m2\amlakrep2\org\assertj\assertj-core\3.24.2\assertj-core-3.24.2.jar;C:\Users\nima\.m2\amlakrep2\org\awaitility\awaitility\4.2.1\awaitility-4.2.1.jar;C:\Users\nima\.m2\amlakrep2\org\hamcrest\hamcrest\2.2\hamcrest-2.2.jar;C:\Users\nima\.m2\amlakrep2\org\junit\jupiter\junit-jupiter\5.10.2\junit-jupiter-5.10.2.jar;C:\Users\nima\.m2\amlakrep2\org\junit\jupiter\junit-jupiter-api\5.10.2\junit-jupiter-api-5.10.2.jar;C:\Users\nima\.m2\amlakrep2\org\opentest4j\opentest4j\1.3.0\opentest4j-1.3.0.jar;C:\Users\nima\.m2\amlakrep2\org\junit\platform\junit-platform-commons\1.10.2\junit-platform-commons-1.10.2.jar;C:\Users\nima\.m2\amlakrep2\org\apiguardian\apiguardian-api\1.1.2\apiguardian-api-1.1.2.jar;C:\Users\nima\.m2\amlakrep2\org\junit\jupiter\junit-jupiter-params\5.10.2\junit-jupiter-params-5.10.2.jar;C:\Users\nima\.m2\amlakrep2\org\junit\jupiter\junit-jupiter-engine\5.10.2\junit-jupiter-engine-5.10.2.jar;C:\Users\nima\.m2\amlakrep2\org\junit\platform\junit-platform-engine\1.10.2\junit-platform-engine-1.10.2.jar;C:\Users\nima\.m2\amlakrep2\org\mockito\mockito-core\5.7.0\mockito-core-5.7.0.jar;C:\Users\nima\.m2\amlakrep2\net\bytebuddy\byte-buddy-agent\1.14.13\byte-buddy-agent-1.14.13.jar;C:\Users\nima\.m2\amlakrep2\org\objenesis\objenesis\3.3\objenesis-3.3.jar;C:\Users\nima\.m2\amlakrep2\org\mockito\mockito-junit-jupiter\5.7.0\mockito-junit-jupiter-5.7.0.jar;C:\Users\nima\.m2\amlakrep2\org\skyscreamer\jsonassert\1.5.1\jsonassert-1.5.1.jar;C:\Users\nima\.m2\amlakrep2\com\vaadin\external\google\android-json\0.0.20131108.vaadin1\android-json-0.0.20131108.vaadin1.jar;C:\Users\nima\.m2\amlakrep2\org\springframework\spring-core\6.1.6\spring-core-6.1.6.jar;C:\Users\nima\.m2\amlakrep2\org\springframework\spring-jcl\6.1.6\spring-jcl-6.1.6.jar;C:\Users\nima\.m2\amlakrep2\org\springframework\spring-test\6.1.6\spring-test-6.1.6.jar;C:\Users\nima\.m2\amlakrep2\org\xmlunit\xmlunit-core\2.9.1\xmlunit-core-2.9.1.jar;"/>
    <property name="java.vm.vendor" value="Amazon.com Inc."/>
    <property name="sun.arch.data.model" value="64"/>
    <property name="user.variant" value=""/>
    <property name="java.vendor.url" value="https://aws.amazon.com/corretto/"/>
    <property name="user.timezone" value="Asia/Tehran"/>
    <property name="org.jboss.logging.provider" value="slf4j"/>
    <property name="os.name" value="Windows 11"/>
    <property name="java.vm.specification.version" value="17"/>
    <property name="sun.java.launcher" value="SUN_STANDARD"/>
    <property name="user.country" value="US"/>
    <property name="sun.boot.library.path" value="C:\Users\nima\.jdks\corretto-17.0.14\bin"/>
    <property name="sun.java.command" value="C:\Users\nima\AppData\Local\Temp\surefire14686669913253154816\surefirebooter-20250704032610139_3.jar C:\Users\nima\AppData\Local\Temp\surefire14686669913253154816 2025-07-04T03-26-09_842-jvmRun1 surefire-20250704032610139_1tmp surefire_0-20250704032610139_2tmp"/>
    <property name="jdk.debug" value="release"/>
    <property name="surefire.test.class.path" value="C:\core\core\target\test-classes;C:\core\core\target\classes;C:\Users\nima\.m2\amlakrep2\org\springframework\boot\spring-boot-starter-data-jpa\3.2.5\spring-boot-starter-data-jpa-3.2.5.jar;C:\Users\nima\.m2\amlakrep2\org\springframework\boot\spring-boot-starter-aop\3.2.5\spring-boot-starter-aop-3.2.5.jar;C:\Users\nima\.m2\amlakrep2\org\aspectj\aspectjweaver\1.9.22\aspectjweaver-1.9.22.jar;C:\Users\nima\.m2\amlakrep2\org\springframework\boot\spring-boot-starter-jdbc\3.2.5\spring-boot-starter-jdbc-3.2.5.jar;C:\Users\nima\.m2\amlakrep2\com\zaxxer\HikariCP\5.0.1\HikariCP-5.0.1.jar;C:\Users\nima\.m2\amlakrep2\org\springframework\spring-jdbc\6.1.6\spring-jdbc-6.1.6.jar;C:\Users\nima\.m2\amlakrep2\org\hibernate\orm\hibernate-core\6.4.4.Final\hibernate-core-6.4.4.Final.jar;C:\Users\nima\.m2\amlakrep2\jakarta\persistence\jakarta.persistence-api\3.1.0\jakarta.persistence-api-3.1.0.jar;C:\Users\nima\.m2\amlakrep2\jakarta\transaction\jakarta.transaction-api\2.0.1\jakarta.transaction-api-2.0.1.jar;C:\Users\nima\.m2\amlakrep2\org\jboss\logging\jboss-logging\3.5.3.Final\jboss-logging-3.5.3.Final.jar;C:\Users\nima\.m2\amlakrep2\org\hibernate\common\hibernate-commons-annotations\6.0.6.Final\hibernate-commons-annotations-6.0.6.Final.jar;C:\Users\nima\.m2\amlakrep2\io\smallrye\jandex\3.1.2\jandex-3.1.2.jar;C:\Users\nima\.m2\amlakrep2\com\fasterxml\classmate\1.6.0\classmate-1.6.0.jar;C:\Users\nima\.m2\amlakrep2\net\bytebuddy\byte-buddy\1.14.13\byte-buddy-1.14.13.jar;C:\Users\nima\.m2\amlakrep2\org\glassfish\jaxb\jaxb-runtime\4.0.5\jaxb-runtime-4.0.5.jar;C:\Users\nima\.m2\amlakrep2\org\glassfish\jaxb\jaxb-core\4.0.5\jaxb-core-4.0.5.jar;C:\Users\nima\.m2\amlakrep2\org\eclipse\angus\angus-activation\2.0.2\angus-activation-2.0.2.jar;C:\Users\nima\.m2\amlakrep2\org\glassfish\jaxb\txw2\4.0.5\txw2-4.0.5.jar;C:\Users\nima\.m2\amlakrep2\com\sun\istack\istack-commons-runtime\4.1.2\istack-commons-runtime-4.1.2.jar;C:\Users\nima\.m2\amlakrep2\jakarta\inject\jakarta.inject-api\2.0.1\jakarta.inject-api-2.0.1.jar;C:\Users\nima\.m2\amlakrep2\org\antlr\antlr4-runtime\4.13.0\antlr4-runtime-4.13.0.jar;C:\Users\nima\.m2\amlakrep2\org\springframework\data\spring-data-jpa\3.2.5\spring-data-jpa-3.2.5.jar;C:\Users\nima\.m2\amlakrep2\org\springframework\data\spring-data-commons\3.2.5\spring-data-commons-3.2.5.jar;C:\Users\nima\.m2\amlakrep2\org\springframework\spring-orm\6.1.6\spring-orm-6.1.6.jar;C:\Users\nima\.m2\amlakrep2\org\springframework\spring-context\6.1.6\spring-context-6.1.6.jar;C:\Users\nima\.m2\amlakrep2\org\springframework\spring-tx\6.1.6\spring-tx-6.1.6.jar;C:\Users\nima\.m2\amlakrep2\org\springframework\spring-beans\6.1.6\spring-beans-6.1.6.jar;C:\Users\nima\.m2\amlakrep2\jakarta\annotation\jakarta.annotation-api\2.1.1\jakarta.annotation-api-2.1.1.jar;C:\Users\nima\.m2\amlakrep2\org\slf4j\slf4j-api\2.0.13\slf4j-api-2.0.13.jar;C:\Users\nima\.m2\amlakrep2\org\springframework\spring-aspects\6.1.6\spring-aspects-6.1.6.jar;C:\Users\nima\.m2\amlakrep2\org\springframework\boot\spring-boot-starter-web\3.2.5\spring-boot-starter-web-3.2.5.jar;C:\Users\nima\.m2\amlakrep2\org\springframework\boot\spring-boot-starter\3.2.5\spring-boot-starter-3.2.5.jar;C:\Users\nima\.m2\amlakrep2\org\springframework\boot\spring-boot-starter-logging\3.2.5\spring-boot-starter-logging-3.2.5.jar;C:\Users\nima\.m2\amlakrep2\ch\qos\logback\logback-classic\1.4.14\logback-classic-1.4.14.jar;C:\Users\nima\.m2\amlakrep2\ch\qos\logback\logback-core\1.4.14\logback-core-1.4.14.jar;C:\Users\nima\.m2\amlakrep2\org\apache\logging\log4j\log4j-to-slf4j\2.21.1\log4j-to-slf4j-2.21.1.jar;C:\Users\nima\.m2\amlakrep2\org\apache\logging\log4j\log4j-api\2.21.1\log4j-api-2.21.1.jar;C:\Users\nima\.m2\amlakrep2\org\slf4j\jul-to-slf4j\2.0.13\jul-to-slf4j-2.0.13.jar;C:\Users\nima\.m2\amlakrep2\org\yaml\snakeyaml\2.2\snakeyaml-2.2.jar;C:\Users\nima\.m2\amlakrep2\org\springframework\boot\spring-boot-starter-json\3.2.5\spring-boot-starter-json-3.2.5.jar;C:\Users\nima\.m2\amlakrep2\com\fasterxml\jackson\datatype\jackson-datatype-jdk8\2.15.4\jackson-datatype-jdk8-2.15.4.jar;C:\Users\nima\.m2\amlakrep2\com\fasterxml\jackson\datatype\jackson-datatype-jsr310\2.15.4\jackson-datatype-jsr310-2.15.4.jar;C:\Users\nima\.m2\amlakrep2\com\fasterxml\jackson\module\jackson-module-parameter-names\2.15.4\jackson-module-parameter-names-2.15.4.jar;C:\Users\nima\.m2\amlakrep2\org\springframework\boot\spring-boot-starter-tomcat\3.2.5\spring-boot-starter-tomcat-3.2.5.jar;C:\Users\nima\.m2\amlakrep2\org\apache\tomcat\embed\tomcat-embed-core\10.1.20\tomcat-embed-core-10.1.20.jar;C:\Users\nima\.m2\amlakrep2\org\apache\tomcat\embed\tomcat-embed-el\10.1.20\tomcat-embed-el-10.1.20.jar;C:\Users\nima\.m2\amlakrep2\org\apache\tomcat\embed\tomcat-embed-websocket\10.1.20\tomcat-embed-websocket-10.1.20.jar;C:\Users\nima\.m2\amlakrep2\org\springframework\spring-web\6.1.6\spring-web-6.1.6.jar;C:\Users\nima\.m2\amlakrep2\io\micrometer\micrometer-observation\1.12.5\micrometer-observation-1.12.5.jar;C:\Users\nima\.m2\amlakrep2\io\micrometer\micrometer-commons\1.12.5\micrometer-commons-1.12.5.jar;C:\Users\nima\.m2\amlakrep2\org\springframework\spring-webmvc\6.1.6\spring-webmvc-6.1.6.jar;C:\Users\nima\.m2\amlakrep2\org\springframework\spring-expression\6.1.6\spring-expression-6.1.6.jar;C:\Users\nima\.m2\amlakrep2\org\springframework\boot\spring-boot-starter-security\3.2.5\spring-boot-starter-security-3.2.5.jar;C:\Users\nima\.m2\amlakrep2\org\springframework\spring-aop\6.1.6\spring-aop-6.1.6.jar;C:\Users\nima\.m2\amlakrep2\org\springframework\security\spring-security-config\6.2.4\spring-security-config-6.2.4.jar;C:\Users\nima\.m2\amlakrep2\org\springframework\security\spring-security-web\6.2.4\spring-security-web-6.2.4.jar;C:\Users\nima\.m2\amlakrep2\org\springframework\boot\spring-boot-starter-thymeleaf\3.2.5\spring-boot-starter-thymeleaf-3.2.5.jar;C:\Users\nima\.m2\amlakrep2\org\thymeleaf\thymeleaf-spring6\3.1.2.RELEASE\thymeleaf-spring6-3.1.2.RELEASE.jar;C:\Users\nima\.m2\amlakrep2\org\thymeleaf\thymeleaf\3.1.2.RELEASE\thymeleaf-3.1.2.RELEASE.jar;C:\Users\nima\.m2\amlakrep2\org\attoparser\attoparser\2.0.7.RELEASE\attoparser-2.0.7.RELEASE.jar;C:\Users\nima\.m2\amlakrep2\org\unbescape\unbescape\1.1.6.RELEASE\unbescape-1.1.6.RELEASE.jar;C:\Users\nima\.m2\amlakrep2\com\h2database\h2\2.2.224\h2-2.2.224.jar;C:\Users\nima\.m2\amlakrep2\io\jsonwebtoken\jjwt-api\0.11.5\jjwt-api-0.11.5.jar;C:\Users\nima\.m2\amlakrep2\io\jsonwebtoken\jjwt-impl\0.11.5\jjwt-impl-0.11.5.jar;C:\Users\nima\.m2\amlakrep2\io\jsonwebtoken\jjwt-jackson\0.11.5\jjwt-jackson-0.11.5.jar;C:\Users\nima\.m2\amlakrep2\com\fasterxml\jackson\core\jackson-databind\2.15.4\jackson-databind-2.15.4.jar;C:\Users\nima\.m2\amlakrep2\com\fasterxml\jackson\core\jackson-annotations\2.15.4\jackson-annotations-2.15.4.jar;C:\Users\nima\.m2\amlakrep2\com\fasterxml\jackson\core\jackson-core\2.15.4\jackson-core-2.15.4.jar;C:\Users\nima\.m2\amlakrep2\org\springframework\boot\spring-boot-starter-oauth2-client\3.2.5\spring-boot-starter-oauth2-client-3.2.5.jar;C:\Users\nima\.m2\amlakrep2\org\springframework\security\spring-security-core\6.2.4\spring-security-core-6.2.4.jar;C:\Users\nima\.m2\amlakrep2\org\springframework\security\spring-security-crypto\6.2.4\spring-security-crypto-6.2.4.jar;C:\Users\nima\.m2\amlakrep2\org\springframework\security\spring-security-oauth2-client\6.2.4\spring-security-oauth2-client-6.2.4.jar;C:\Users\nima\.m2\amlakrep2\org\springframework\security\spring-security-oauth2-core\6.2.4\spring-security-oauth2-core-6.2.4.jar;C:\Users\nima\.m2\amlakrep2\com\nimbusds\oauth2-oidc-sdk\9.43.3\oauth2-oidc-sdk-9.43.3.jar;C:\Users\nima\.m2\amlakrep2\com\github\stephenc\jcip\jcip-annotations\1.0-1\jcip-annotations-1.0-1.jar;C:\Users\nima\.m2\amlakrep2\com\nimbusds\content-type\2.2\content-type-2.2.jar;C:\Users\nima\.m2\amlakrep2\com\nimbusds\lang-tag\1.7\lang-tag-1.7.jar;C:\Users\nima\.m2\amlakrep2\org\springframework\security\spring-security-oauth2-jose\6.2.4\spring-security-oauth2-jose-6.2.4.jar;C:\Users\nima\.m2\amlakrep2\com\nimbusds\nimbus-jose-jwt\9.24.4\nimbus-jose-jwt-9.24.4.jar;C:\Users\nima\.m2\amlakrep2\org\springframework\boot\spring-boot-devtools\3.2.5\spring-boot-devtools-3.2.5.jar;C:\Users\nima\.m2\amlakrep2\org\springframework\boot\spring-boot\3.2.5\spring-boot-3.2.5.jar;C:\Users\nima\.m2\amlakrep2\org\springframework\boot\spring-boot-autoconfigure\3.2.5\spring-boot-autoconfigure-3.2.5.jar;C:\Users\nima\.m2\amlakrep2\org\springframework\boot\spring-boot-starter-test\3.2.5\spring-boot-starter-test-3.2.5.jar;C:\Users\nima\.m2\amlakrep2\org\springframework\boot\spring-boot-test\3.2.5\spring-boot-test-3.2.5.jar;C:\Users\nima\.m2\amlakrep2\org\springframework\boot\spring-boot-test-autoconfigure\3.2.5\spring-boot-test-autoconfigure-3.2.5.jar;C:\Users\nima\.m2\amlakrep2\com\jayway\jsonpath\json-path\2.9.0\json-path-2.9.0.jar;C:\Users\nima\.m2\amlakrep2\jakarta\xml\bind\jakarta.xml.bind-api\4.0.2\jakarta.xml.bind-api-4.0.2.jar;C:\Users\nima\.m2\amlakrep2\jakarta\activation\jakarta.activation-api\2.1.3\jakarta.activation-api-2.1.3.jar;C:\Users\nima\.m2\amlakrep2\net\minidev\json-smart\2.5.1\json-smart-2.5.1.jar;C:\Users\nima\.m2\amlakrep2\net\minidev\accessors-smart\2.5.1\accessors-smart-2.5.1.jar;C:\Users\nima\.m2\amlakrep2\org\ow2\asm\asm\9.6\asm-9.6.jar;C:\Users\nima\.m2\amlakrep2\org\assertj\assertj-core\3.24.2\assertj-core-3.24.2.jar;C:\Users\nima\.m2\amlakrep2\org\awaitility\awaitility\4.2.1\awaitility-4.2.1.jar;C:\Users\nima\.m2\amlakrep2\org\hamcrest\hamcrest\2.2\hamcrest-2.2.jar;C:\Users\nima\.m2\amlakrep2\org\junit\jupiter\junit-jupiter\5.10.2\junit-jupiter-5.10.2.jar;C:\Users\nima\.m2\amlakrep2\org\junit\jupiter\junit-jupiter-api\5.10.2\junit-jupiter-api-5.10.2.jar;C:\Users\nima\.m2\amlakrep2\org\opentest4j\opentest4j\1.3.0\opentest4j-1.3.0.jar;C:\Users\nima\.m2\amlakrep2\org\junit\platform\junit-platform-commons\1.10.2\junit-platform-commons-1.10.2.jar;C:\Users\nima\.m2\amlakrep2\org\apiguardian\apiguardian-api\1.1.2\apiguardian-api-1.1.2.jar;C:\Users\nima\.m2\amlakrep2\org\junit\jupiter\junit-jupiter-params\5.10.2\junit-jupiter-params-5.10.2.jar;C:\Users\nima\.m2\amlakrep2\org\junit\jupiter\junit-jupiter-engine\5.10.2\junit-jupiter-engine-5.10.2.jar;C:\Users\nima\.m2\amlakrep2\org\junit\platform\junit-platform-engine\1.10.2\junit-platform-engine-1.10.2.jar;C:\Users\nima\.m2\amlakrep2\org\mockito\mockito-core\5.7.0\mockito-core-5.7.0.jar;C:\Users\nima\.m2\amlakrep2\net\bytebuddy\byte-buddy-agent\1.14.13\byte-buddy-agent-1.14.13.jar;C:\Users\nima\.m2\amlakrep2\org\objenesis\objenesis\3.3\objenesis-3.3.jar;C:\Users\nima\.m2\amlakrep2\org\mockito\mockito-junit-jupiter\5.7.0\mockito-junit-jupiter-5.7.0.jar;C:\Users\nima\.m2\amlakrep2\org\skyscreamer\jsonassert\1.5.1\jsonassert-1.5.1.jar;C:\Users\nima\.m2\amlakrep2\com\vaadin\external\google\android-json\0.0.20131108.vaadin1\android-json-0.0.20131108.vaadin1.jar;C:\Users\nima\.m2\amlakrep2\org\springframework\spring-core\6.1.6\spring-core-6.1.6.jar;C:\Users\nima\.m2\amlakrep2\org\springframework\spring-jcl\6.1.6\spring-jcl-6.1.6.jar;C:\Users\nima\.m2\amlakrep2\org\springframework\spring-test\6.1.6\spring-test-6.1.6.jar;C:\Users\nima\.m2\amlakrep2\org\xmlunit\xmlunit-core\2.9.1\xmlunit-core-2.9.1.jar;"/>
    <property name="sun.cpu.endian" value="little"/>
    <property name="user.home" value="C:\Users\nima"/>
    <property name="user.language" value="en"/>
    <property name="java.specification.vendor" value="Oracle Corporation"/>
    <property name="java.version.date" value="2025-01-21"/>
    <property name="java.home" value="C:\Users\nima\.jdks\corretto-17.0.14"/>
    <property name="file.separator" value="\"/>
    <property name="basedir" value="C:\core\core"/>
    <property name="java.vm.compressedOopsMode" value="Zero based"/>
    <property name="line.separator" value="&#10;"/>
    <property name="java.vm.specification.vendor" value="Oracle Corporation"/>
    <property name="java.specification.name" value="Java Platform API Specification"/>
    <property name="FILE_LOG_CHARSET" value="windows-1252"/>
    <property name="java.awt.headless" value="true"/>
    <property name="surefire.real.class.path" value="C:\Users\nima\AppData\Local\Temp\surefire14686669913253154816\surefirebooter-20250704032610139_3.jar"/>
    <property name="user.script" value=""/>
    <property name="sun.management.compiler" value="HotSpot 64-Bit Tiered Compilers"/>
    <property name="java.runtime.version" value="17.0.14+7-LTS"/>
    <property name="user.name" value="nima"/>
    <property name="path.separator" value=";"/>
    <property name="os.version" value="10.0"/>
    <property name="java.runtime.name" value="OpenJDK Runtime Environment"/>
    <property name="file.encoding" value="Cp1252"/>
    <property name="java.vm.name" value="OpenJDK 64-Bit Server VM"/>
    <property name="java.vendor.version" value="Corretto-17.0.14.7.1"/>
    <property name="localRepository" value="C:\Users\nima\.m2\amlakrep2"/>
    <property name="java.vendor.url.bug" value="https://github.com/corretto/corretto-17/issues/"/>
    <property name="java.io.tmpdir" value="C:\Users\nima\AppData\Local\Temp\"/>
    <property name="idea.version" value="2024.3.1.1"/>
    <property name="com.zaxxer.hikari.pool_number" value="1"/>
    <property name="java.version" value="17.0.14"/>
    <property name="user.dir" value="C:\core\core"/>
    <property name="os.arch" value="amd64"/>
    <property name="java.vm.specification.name" value="Java Virtual Machine Specification"/>
    <property name="PID" value="19572"/>
    <property name="sun.os.patch.level" value=""/>
    <property name="CONSOLE_LOG_CHARSET" value="windows-1252"/>
    <property name="native.encoding" value="Cp1252"/>
    <property name="java.library.path" value="C:\Users\nima\.jdks\corretto-17.0.14\bin;C:\WINDOWS\Sun\Java\bin;C:\WINDOWS\system32;C:\WINDOWS;C:\WINDOWS\system32;C:\WINDOWS;C:\WINDOWS\System32\Wbem;C:\WINDOWS\System32\WindowsPowerShell\v1.0\;C:\WINDOWS\System32\OpenSSH\;C:\Program Files (x86)\NVIDIA Corporation\PhysX\Common;C:\Program Files\Git\cmd;C:\Program Files\Git\usr\bin;C:\Program Files\Git\bin;C:\Users\nima\AppData\Local\Programs\Python\Python39;C:\Users\nima\AppData\Local\Programs\Python\Python39\Scripts;C:\Program Files\NVIDIA Corporation\NVIDIA app\NvDLISR;C:\Program Files\Docker\Docker\resources\bin;C:\Program Files\dotnet\;C:\Program Files\PuTTY\;%NVM_HOME%;%NVM_SYMLINK%;C:\Users\nima\AppData\Local\Programs\Python\Launcher\;C:\Users\nima\AppData\Local\Microsoft\WindowsApps;C:\Program Files\JetBrains\IntelliJ IDEA 2024.3\bin;;C:\Program Files\JetBrains\PyCharm 2024.3\bin;;C:\Program Files\JetBrains\DataGrip 2024.3.3\bin;;C:\Users\nima\AppData\Local\Programs\Ollama;C:\Users\nima\AppData\Local\nvm;C:\nvm4w\nodejs;."/>
    <property name="java.vm.info" value="mixed mode, sharing"/>
    <property name="java.vendor" value="Amazon.com Inc."/>
    <property name="java.vm.version" value="17.0.14+7-LTS"/>
    <property name="java.specification.maintenance.version" value="1"/>
    <property name="sun.io.unicode.encoding" value="UnicodeLittle"/>
    <property name="maven.repo.local" value="C:\Users\nima\.m2\amlakrep2"/>
    <property name="java.class.version" value="61.0"/>
  </properties>
  <testcase name="contextLoads" classname="org.example.core.CoreApplicationTests" time="0.431">
    <system-out><![CDATA[03:26:11.446 [main] INFO org.springframework.test.context.support.AnnotationConfigContextLoaderUtils -- Could not detect default configuration classes for test class [org.example.core.CoreApplicationTests]: CoreApplicationTests does not declare any static, non-private, non-final, nested classes annotated with @Configuration.
03:26:11.520 [main] INFO org.springframework.boot.test.context.SpringBootTestContextBootstrapper -- Found @SpringBootConfiguration org.example.core.CoreApplication for test class org.example.core.CoreApplicationTests
03:26:11.663 [main] INFO org.springframework.boot.devtools.restart.RestartApplicationListener -- Restart disabled due to context in which it is running

  .   ____          _            __ _ _
 /\\ / ___'_ __ _ _(_)_ __  __ _ \ \ \ \
( ( )\___ | '_ | '_| | '_ \/ _` | \ \ \ \
 \\/  ___)| |_)| | | | | || (_| |  ) ) ) )
  '  |____| .__|_| |_|_| |_\__, | / / / /
 =========|_|==============|___/=/_/_/_/
 :: Spring Boot ::                (v3.2.5)

2025-07-04T03:26:11.869+03:30  INFO 19572 --- [           main] org.example.core.CoreApplicationTests    : Starting CoreApplicationTests using Java 17.0.14 with PID 19572 (started by nima in C:\core\core)
2025-07-04T03:26:11.870+03:30  INFO 19572 --- [           main] org.example.core.CoreApplicationTests    : No active profile set, falling back to 1 default profile: "default"
2025-07-04T03:26:12.489+03:30  INFO 19572 --- [           main] .s.d.r.c.RepositoryConfigurationDelegate : Bootstrapping Spring Data JPA repositories in DEFAULT mode.
2025-07-04T03:26:12.544+03:30  INFO 19572 --- [           main] .s.d.r.c.RepositoryConfigurationDelegate : Finished Spring Data repository scanning in 46 ms. Found 4 JPA repository interfaces.
2025-07-04T03:26:13.043+03:30  INFO 19572 --- [           main] com.zaxxer.hikari.HikariDataSource       : HikariPool-1 - Starting...
2025-07-04T03:26:13.245+03:30  INFO 19572 --- [           main] com.zaxxer.hikari.pool.HikariPool        : HikariPool-1 - Added connection conn0: url=jdbc:h2:mem:testdb user=SA
2025-07-04T03:26:13.247+03:30  INFO 19572 --- [           main] com.zaxxer.hikari.HikariDataSource       : HikariPool-1 - Start completed.
2025-07-04T03:26:13.307+03:30  INFO 19572 --- [           main] o.hibernate.jpa.internal.util.LogHelper  : HHH000204: Processing PersistenceUnitInfo [name: default]
2025-07-04T03:26:13.458+03:30  INFO 19572 --- [           main] org.hibernate.Version                    : HHH000412: Hibernate ORM core version 6.4.4.Final
2025-07-04T03:26:13.531+03:30  INFO 19572 --- [           main] o.h.c.internal.RegionFactoryInitiator    : HHH000026: Second-level cache disabled
2025-07-04T03:26:13.789+03:30  INFO 19572 --- [           main] o.s.o.j.p.SpringPersistenceUnitInfo      : No LoadTimeWeaver setup: ignoring JPA class transformer
2025-07-04T03:26:13.827+03:30  WARN 19572 --- [           main] org.hibernate.orm.deprecation            : HHH90000025: H2Dialect does not need to be specified explicitly using 'hibernate.dialect' (remove the property setting and it will be selected by default)
2025-07-04T03:26:14.443+03:30  INFO 19572 --- [           main] o.h.e.t.j.p.i.JtaPlatformInitiator       : HHH000489: No JTA platform available (set 'hibernate.transaction.jta.platform' to enable JTA platform integration)
2025-07-04T03:26:14.480+03:30  INFO 19572 --- [           main] j.LocalContainerEntityManagerFactoryBean : Initialized JPA EntityManagerFactory for persistence unit 'default'
2025-07-04T03:26:15.450+03:30  WARN 19572 --- [           main] JpaBaseConfiguration$JpaWebConfiguration : spring.jpa.open-in-view is enabled by default. Therefore, database queries may be performed during view rendering. Explicitly configure spring.jpa.open-in-view to disable this warning
2025-07-04T03:26:16.039+03:30  INFO 19572 --- [           main] o.s.s.web.DefaultSecurityFilterChain     : Will secure any request with [org.springframework.security.web.session.DisableEncodeUrlFilter@1f7853af, org.springframework.security.web.context.request.async.WebAsyncManagerIntegrationFilter@2c56e044, org.springframework.security.web.context.SecurityContextHolderFilter@7a90f33d, org.springframework.security.web.header.HeaderWriterFilter@7d48299e, org.springframework.web.filter.CorsFilter@d970881, org.springframework.security.web.authentication.logout.LogoutFilter@62fa4a88, org.springframework.security.oauth2.client.web.OAuth2AuthorizationRequestRedirectFilter@17d25e1d, org.springframework.security.oauth2.client.web.OAuth2LoginAuthenticationFilter@510e0dd2, org.example.core.security.JwtRequestFilter@522f74a1, org.springframework.security.web.authentication.ui.DefaultLoginPageGeneratingFilter@a1be5cb, org.springframework.security.web.authentication.ui.DefaultLogoutPageGeneratingFilter@153cf928, org.springframework.security.web.savedrequest.RequestCacheAwareFilter@2bd8c8f1, org.springframework.security.web.servletapi.SecurityContextHolderAwareRequestFilter@7db63a01, org.springframework.security.web.authentication.AnonymousAuthenticationFilter@4884350b, org.springframework.security.web.session.SessionManagementFilter@174d5cf7, org.springframework.security.web.access.ExceptionTranslationFilter@590ab84, org.springframework.security.web.access.intercept.AuthorizationFilter@7f82a71f]
2025-07-04T03:26:16.283+03:30  WARN 19572 --- [           main] ion$DefaultTemplateResolverConfiguration : Cannot find template location: classpath:/templates/ (please add some templates, check your Thymeleaf configuration, or set spring.thymeleaf.check-template-location=false)
2025-07-04T03:26:16.312+03:30  INFO 19572 --- [           main] o.s.b.a.h2.H2ConsoleAutoConfiguration    : H2 console available at '/h2-console'. Database available at 'jdbc:h2:mem:testdb'
2025-07-04T03:26:16.385+03:30  INFO 19572 --- [           main] org.example.core.CoreApplicationTests    : Started CoreApplicationTests in 4.729 seconds (process running for 6.102)
✅ ایجاد مجوزها و نقش‌های اولیه...
✅ مجوزهای اولیه اضافه شدند.
✅ نقش 'ROLE_ADMIN' اضافه شد.
✅ نقش 'ROLE_USER' اضافه شد.
✅ Creating default admin user...
✅ Default admin user created: admin / admin
✅ ایجاد منوهای اولیه...
✅ منوهای اولیه اضافه شدند.
]]></system-out>
  </testcase>
</testsuite>